# JRE version: Java(TM) SE Runtime Environment 18.9 (11.0.15+8) (build 11.0.15+8-LTS-149)
# Java VM: Java HotSpot(TM) 64-Bit Server VM 18.9 (11.0.15+8-LTS-149, mixed mode, tiered, compressed oops, g1 gc, windows-amd64)
Heap:
 garbage-first heap   total 262144K, used 31661K [0x00000000e0000000, 0x0000000100000000)
  region size 1024K, 17 young (17408K), 2 survivors (2048K)
 Metaspace       used 21297K, capacity 21900K, committed 22144K, reserved 278528K
  class space    used 2668K, capacity 2867K, committed 2944K, reserved 253952K
GC Heap History (8 events):
Event: 1.286 GC heap before
{Heap before GC invocations=0 (full 0):
 garbage-first heap   total 262144K, used 27648K [0x00000000e0000000, 0x0000000100000000)
  region size 1024K, 22 young (22528K), 0 survivors (0K)
 Metaspace       used 9456K, capacity 9720K, committed 9984K, reserved 264192K
  class space    used 937K, capacity 1008K, committed 1024K, reserved 253952K
}
Event: 1.301 GC heap after
{Heap after GC invocations=1 (full 0):
 garbage-first heap   total 262144K, used 9329K [0x00000000e0000000, 0x0000000100000000)
  region size 1024K, 3 young (3072K), 3 survivors (3072K)
 Metaspace       used 9456K, capacity 9720K, committed 9984K, reserved 264192K
  class space    used 937K, capacity 1008K, committed 1024K, reserved 253952K
}
Event: 1.880 GC heap before
{Heap before GC invocations=1 (full 0):
 garbage-first heap   total 262144K, used 24689K [0x00000000e0000000, 0x0000000100000000)
  region size 1024K, 18 young (18432K), 3 survivors (3072K)
 Metaspace       used 11017K, capacity 11319K, committed 11520K, reserved 264192K
  class space    used 1151K, capacity 1243K, committed 1280K, reserved 253952K
}
Event: 1.884 GC heap after
{Heap after GC invocations=2 (full 0):
 garbage-first heap   total 262144K, used 10073K [0x00000000e0000000, 0x0000000100000000)
  region size 1024K, 1 young (1024K), 1 survivors (1024K)
 Metaspace       used 11017K, capacity 11319K, committed 11520K, reserved 264192K
  class space    used 1151K, capacity 1243K, committed 1280K, reserved 253952K
}
Event: 8.618 GC heap before
{Heap before GC invocations=2 (full 0):
 garbage-first heap   total 262144K, used 57177K [0x00000000e0000000, 0x0000000100000000)
  region size 1024K, 46 young (47104K), 1 survivors (1024K)
 Metaspace       used 15815K, capacity 16190K, committed 16384K, reserved 268288K
  class space    used 1805K, capacity 1934K, committed 2048K, reserved 253952K
}
Event: 8.622 GC heap after
{Heap after GC invocations=3 (full 0):
 garbage-first heap   total 262144K, used 16171K [0x00000000e0000000, 0x0000000100000000)
  region size 1024K, 6 young (6144K), 6 survivors (6144K)
 Metaspace       used 15815K, capacity 16190K, committed 16384K, reserved 268288K
  class space    used 1805K, capacity 1934K, committed 2048K, reserved 253952K
}
Event: 9.252 GC heap before
{Heap before GC invocations=3 (full 0):
 garbage-first heap   total 262144K, used 47915K [0x00000000e0000000, 0x0000000100000000)
  region size 1024K, 38 young (38912K), 6 survivors (6144K)
 Metaspace       used 19826K, capacity 20207K, committed 20224K, reserved 278528K
  class space    used 2417K, capacity 2553K, committed 2560K, reserved 253952K
}
Event: 9.256 GC heap after
{Heap after GC invocations=4 (full 0):
 garbage-first heap   total 262144K, used 17325K [0x00000000e0000000, 0x0000000100000000)
  region size 1024K, 2 young (2048K), 2 survivors (2048K)
 Metaspace       used 19826K, capacity 20207K, committed 20224K, reserved 278528K
  class space    used 2417K, capacity 2553K, committed 2560K, reserved 253952K
}

