# JRE version: Java(TM) SE Runtime Environment 18.9 (11.0.15+8) (build 11.0.15+8-LTS-149)
# Java VM: Java HotSpot(TM) 64-Bit Server VM 18.9 (11.0.15+8-LTS-149, mixed mode, tiered, compressed oops, g1 gc, windows-amd64)
Heap:
 garbage-first heap   total 262144K, used 24253K [0x00000000e0000000, 0x0000000100000000)
  region size 1024K, 9 young (9216K), 2 survivors (2048K)
 Metaspace       used 21428K, capacity 22018K, committed 22144K, reserved 274432K
  class space    used 2680K, capacity 2868K, committed 2944K, reserved 253952K
GC Heap History (8 events):
Event: 1.283 GC heap before
{Heap before GC invocations=0 (full 0):
 garbage-first heap   total 262144K, used 27648K [0x00000000e0000000, 0x0000000100000000)
  region size 1024K, 22 young (22528K), 0 survivors (0K)
 Metaspace       used 9444K, capacity 9708K, committed 9728K, reserved 264192K
  class space    used 937K, capacity 1008K, committed 1024K, reserved 253952K
}
Event: 1.289 GC heap after
{Heap after GC invocations=1 (full 0):
 garbage-first heap   total 262144K, used 9546K [0x00000000e0000000, 0x0000000100000000)
  region size 1024K, 3 young (3072K), 3 survivors (3072K)
 Metaspace       used 9444K, capacity 9708K, committed 9728K, reserved 264192K
  class space    used 937K, capacity 1008K, committed 1024K, reserved 253952K
}
Event: 1.848 GC heap before
{Heap before GC invocations=1 (full 0):
 garbage-first heap   total 262144K, used 30026K [0x00000000e0000000, 0x0000000100000000)
  region size 1024K, 23 young (23552K), 3 survivors (3072K)
 Metaspace       used 11033K, capacity 11307K, committed 11520K, reserved 264192K
  class space    used 1151K, capacity 1243K, committed 1280K, reserved 253952K
}
Event: 1.852 GC heap after
{Heap after GC invocations=2 (full 0):
 garbage-first heap   total 262144K, used 10655K [0x00000000e0000000, 0x0000000100000000)
  region size 1024K, 1 young (1024K), 1 survivors (1024K)
 Metaspace       used 11033K, capacity 11307K, committed 11520K, reserved 264192K
  class space    used 1151K, capacity 1243K, committed 1280K, reserved 253952K
}
Event: 8.174 GC heap before
{Heap before GC invocations=2 (full 0):
 garbage-first heap   total 262144K, used 59807K [0x00000000e0000000, 0x0000000100000000)
  region size 1024K, 48 young (49152K), 1 survivors (1024K)
 Metaspace       used 17099K, capacity 17542K, committed 17792K, reserved 270336K
  class space    used 1989K, capacity 2134K, committed 2176K, reserved 253952K
}
Event: 8.178 GC heap after
{Heap after GC invocations=3 (full 0):
 garbage-first heap   total 262144K, used 16661K [0x00000000e0000000, 0x0000000100000000)
  region size 1024K, 6 young (6144K), 6 survivors (6144K)
 Metaspace       used 17099K, capacity 17542K, committed 17792K, reserved 270336K
  class space    used 1989K, capacity 2134K, committed 2176K, reserved 253952K
}
Event: 8.597 GC heap before
{Heap before GC invocations=3 (full 0):
 garbage-first heap   total 262144K, used 50453K [0x00000000e0000000, 0x0000000100000000)
  region size 1024K, 40 young (40960K), 6 survivors (6144K)
 Metaspace       used 20695K, capacity 21147K, committed 21248K, reserved 272384K
  class space    used 2551K, capacity 2724K, committed 2816K, reserved 253952K
}
Event: 8.603 GC heap after
{Heap after GC invocations=4 (full 0):
 garbage-first heap   total 262144K, used 18109K [0x00000000e0000000, 0x0000000100000000)
  region size 1024K, 2 young (2048K), 2 survivors (2048K)
 Metaspace       used 20695K, capacity 21147K, committed 21248K, reserved 272384K
  class space    used 2551K, capacity 2724K, committed 2816K, reserved 253952K
}

